{"meta": {"format": 3, "version": "7.11.1", "timestamp": "2025-11-10T14:40:09.540630", "branch_coverage": false, "show_contexts": false}, "files": {"axiompy/io/http.py": {"executed_lines": [1, 48, 49, 50, 51, 52, 54, 55, 57, 60, 61, 65, 67, 68, 69, 72, 73, 75, 76, 77, 78, 81, 82, 83, 85, 86, 87, 88, 89, 91, 101, 102, 103, 105, 116, 117, 120, 121, 124, 125, 127, 129, 131, 132, 134, 136, 137, 139, 141, 142, 144, 146, 147, 149, 151, 152, 155, 156, 158, 161, 162, 164, 167, 168, 170, 173, 174, 176, 179, 180, 181, 183, 184, 185, 186, 189, 190, 197, 204, 205, 206, 207, 208, 209, 210, 211, 213, 215, 216, 220, 241, 242, 243, 244, 246, 257, 258, 259, 261, 272, 273, 274, 276, 286, 287, 288, 290, 301, 302, 303, 305, 327, 328, 329, 335, 336, 337, 338, 340, 368, 369, 371, 373, 381, 382, 383, 384, 386, 414, 415, 417, 419, 427, 428, 429, 430, 432, 460, 461, 463, 465, 473, 474, 475, 476, 478, 500, 501, 502, 508, 509, 510, 511, 513, 535, 536, 540, 568, 569, 581, 622, 663, 690, 704, 706, 707, 708, 709, 710, 711, 712, 713, 714, 716, 717, 720, 722, 723, 727, 733, 746, 748, 749, 750, 751, 753, 767, 768, 770, 772, 773, 775, 776, 778, 788, 789, 790, 791, 792, 794, 799, 800, 830, 831, 857, 862], "summary": {"covered_lines": 196, "num_statements": 211, "percent_covered": 92.8909952606635, "percent_covered_display": "92.89", "missing_lines": 15, "excluded_lines": 0}, "missing_lines": [62, 63, 217, 218, 372, 418, 464, 609, 610, 650, 651, 685, 686, 729, 774], "excluded_lines": [], "functions": {"RetryConfig.calculate_backoff": {"executed_lines": [101, 102, 103], "summary": {"covered_lines": 3, "num_statements": 3, "percent_covered": 100.0, "percent_covered_display": "100.00", "missing_lines": 0, "excluded_lines": 0}, "missing_lines": [], "excluded_lines": []}, "RetryConfig.should_retry": {"executed_lines": [116, 117, 120, 121, 124, 125, 127], "summary": {"covered_lines": 7, "num_statements": 7, "percent_covered": 100.0, "percent_covered_display": "100.00", "missing_lines": 0, "excluded_lines": 0}, "missing_lines": [], "excluded_lines": []}, "RetryConfig.with_max_attempts": {"executed_lines": [131, 132], "summary": {"covered_lines": 2, "num_statements": 2, "percent_covered": 100.0, "percent_covered_display": "100.00", "missing_lines": 0, "excluded_lines": 0}, "missing_lines": [], "excluded_lines": []}, "RetryConfig.with_initial_backoff_ms": {"executed_lines": [136, 137], "summary": {"covered_lines": 2, "num_statements": 2, "percent_covered": 100.0, "percent_covered_display": "100.00", "missing_lines": 0, "excluded_lines": 0}, "missing_lines": [], "excluded_lines": []}, "RetryConfig.with_max_backoff_ms": {"executed_lines": [141, 142], "summary": {"covered_lines": 2, "num_statements": 2, "percent_covered": 100.0, "percent_covered_display": "100.00", "missing_lines": 0, "excluded_lines": 0}, "missing_lines": [], "excluded_lines": []}, "RetryConfig.with_backoff_multiplier": {"executed_lines": [146, 147], "summary": {"covered_lines": 2, "num_statements": 2, "percent_covered": 100.0, "percent_covered_display": "100.00", "missing_lines": 0, "excluded_lines": 0}, "missing_lines": [], "excluded_lines": []}, "RetryConfig.with_retry_on_client_error": {"executed_lines": [151, 152], "summary": {"covered_lines": 2, "num_statements": 2, "percent_covered": 100.0, "percent_covered_display": "100.00", "missing_lines": 0, "excluded_lines": 0}, "missing_lines": [], "excluded_lines": []}, "HTTPClient.__init__": {"executed_lines": [204, 205, 206, 207, 208, 209, 210, 211], "summary": {"covered_lines": 8, "num_statements": 8, "percent_covered": 100.0, "percent_covered_display": "100.00", "missing_lines": 0, "excluded_lines": 0}, "missing_lines": [], "excluded_lines": []}, "HTTPClient.__del__": {"executed_lines": [215, 216], "summary": {"covered_lines": 2, "num_statements": 4, "percent_covered": 50.0, "percent_covered_display": "50.00", "missing_lines": 2, "excluded_lines": 0}, "missing_lines": [217, 218], "excluded_lines": []}, "HTTPClient.add_header": {"executed_lines": [241, 242, 243, 244], "summary": {"covered_lines": 4, "num_statements": 4, "percent_covered": 100.0, "percent_covered_display": "100.00", "missing_lines": 0, "excluded_lines": 0}, "missing_lines": [], "excluded_lines": []}, "HTTPClient.basic_auth": {"executed_lines": [257, 258, 259], "summary": {"covered_lines": 3, "num_statements": 3, "percent_covered": 100.0, "percent_covered_display": "100.00", "missing_lines": 0, "excluded_lines": 0}, "missing_lines": [], "excluded_lines": []}, "HTTPClient.digest_auth": {"executed_lines": [272, 273, 274], "summary": {"covered_lines": 3, "num_statements": 3, "percent_covered": 100.0, "percent_covered_display": "100.00", "missing_lines": 0, "excluded_lines": 0}, "missing_lines": [], "excluded_lines": []}, "HTTPClient.bearer_token": {"executed_lines": [286, 287, 288], "summary": {"covered_lines": 3, "num_statements": 3, "percent_covered": 100.0, "percent_covered_display": "100.00", "missing_lines": 0, "excluded_lines": 0}, "missing_lines": [], "excluded_lines": []}, "HTTPClient.custom_auth": {"executed_lines": [301, 302, 303], "summary": {"covered_lines": 3, "num_statements": 3, "percent_covered": 100.0, "percent_covered_display": "100.00", "missing_lines": 0, "excluded_lines": 0}, "missing_lines": [], "excluded_lines": []}, "HTTPClient.get": {"executed_lines": [327, 328, 329, 335, 336, 337, 338], "summary": {"covered_lines": 7, "num_statements": 7, "percent_covered": 100.0, "percent_covered_display": "100.00", "missing_lines": 0, "excluded_lines": 0}, "missing_lines": [], "excluded_lines": []}, "HTTPClient.post": {"executed_lines": [368, 369, 371, 373, 381, 382, 383, 384], "summary": {"covered_lines": 8, "num_statements": 9, "percent_covered": 88.88888888888889, "percent_covered_display": "88.89", "missing_lines": 1, "excluded_lines": 0}, "missing_lines": [372], "excluded_lines": []}, "HTTPClient.put": {"executed_lines": [414, 415, 417, 419, 427, 428, 429, 430], "summary": {"covered_lines": 8, "num_statements": 9, "percent_covered": 88.88888888888889, "percent_covered_display": "88.89", "missing_lines": 1, "excluded_lines": 0}, "missing_lines": [418], "excluded_lines": []}, "HTTPClient.patch": {"executed_lines": [460, 461, 463, 465, 473, 474, 475, 476], "summary": {"covered_lines": 8, "num_statements": 9, "percent_covered": 88.88888888888889, "percent_covered_display": "88.89", "missing_lines": 1, "excluded_lines": 0}, "missing_lines": [464], "excluded_lines": []}, "HTTPClient.delete": {"executed_lines": [500, 501, 502, 508, 509, 510, 511], "summary": {"covered_lines": 7, "num_statements": 7, "percent_covered": 100.0, "percent_covered_display": "100.00", "missing_lines": 0, "excluded_lines": 0}, "missing_lines": [], "excluded_lines": []}, "HTTPClient.get_with_retry": {"executed_lines": [535, 536], "summary": {"covered_lines": 2, "num_statements": 2, "percent_covered": 100.0, "percent_covered_display": "100.00", "missing_lines": 0, "excluded_lines": 0}, "missing_lines": [], "excluded_lines": []}, "HTTPClient.post_with_retry": {"executed_lines": [568, 569], "summary": {"covered_lines": 2, "num_statements": 2, "percent_covered": 100.0, "percent_covered_display": "100.00", "missing_lines": 0, "excluded_lines": 0}, "missing_lines": [], "excluded_lines": []}, "HTTPClient.put_with_retry": {"executed_lines": [], "summary": {"covered_lines": 0, "num_statements": 2, "percent_covered": 0.0, "percent_covered_display": "0.00", "missing_lines": 2, "excluded_lines": 0}, "missing_lines": [609, 610], "excluded_lines": []}, "HTTPClient.patch_with_retry": {"executed_lines": [], "summary": {"covered_lines": 0, "num_statements": 2, "percent_covered": 0.0, "percent_covered_display": "0.00", "missing_lines": 2, "excluded_lines": 0}, "missing_lines": [650, 651], "excluded_lines": []}, "HTTPClient.delete_with_retry": {"executed_lines": [], "summary": {"covered_lines": 0, "num_statements": 2, "percent_covered": 0.0, "percent_covered_display": "0.00", "missing_lines": 2, "excluded_lines": 0}, "missing_lines": [685, 686], "excluded_lines": []}, "HTTPClient._retry": {"executed_lines": [704, 706, 707, 708, 709, 710, 711, 712, 713, 714, 716, 717, 720, 722, 723, 727], "summary": {"covered_lines": 16, "num_statements": 17, "percent_covered": 94.11764705882354, "percent_covered_display": "94.12", "missing_lines": 1, "excluded_lines": 0}, "missing_lines": [729], "excluded_lines": []}, "HTTPClient._should_retry_error": {"executed_lines": [746, 748, 749, 750, 751], "summary": {"covered_lines": 5, "num_statements": 5, "percent_covered": 100.0, "percent_covered_display": "100.00", "missing_lines": 0, "excluded_lines": 0}, "missing_lines": [], "excluded_lines": []}, "HTTPClient._deserialize_response": {"executed_lines": [767, 768, 770, 772, 773, 775, 776], "summary": {"covered_lines": 7, "num_statements": 8, "percent_covered": 87.5, "percent_covered_display": "87.50", "missing_lines": 1, "excluded_lines": 0}, "missing_lines": [774], "excluded_lines": []}, "HTTPClient._check_response": {"executed_lines": [788, 789, 790, 791, 792, 794], "summary": {"covered_lines": 6, "num_statements": 6, "percent_covered": 100.0, "percent_covered_display": "100.00", "missing_lines": 0, "excluded_lines": 0}, "missing_lines": [], "excluded_lines": []}, "HTTPClientFactory.create": {"executed_lines": [857, 862], "summary": {"covered_lines": 2, "num_statements": 2, "percent_covered": 100.0, "percent_covered_display": "100.00", "missing_lines": 0, "excluded_lines": 0}, "missing_lines": [], "excluded_lines": []}, "": {"executed_lines": [1, 48, 49, 50, 51, 52, 54, 55, 57, 60, 61, 65, 67, 68, 69, 72, 73, 75, 76, 77, 78, 81, 82, 83, 85, 86, 87, 88, 89, 91, 105, 129, 134, 139, 144, 149, 155, 156, 158, 161, 162, 164, 167, 168, 170, 173, 174, 176, 179, 180, 181, 183, 184, 185, 186, 189, 190, 197, 213, 220, 246, 261, 276, 290, 305, 340, 386, 432, 478, 513, 540, 581, 622, 663, 690, 733, 753, 778, 799, 800, 830, 831], "summary": {"covered_lines": 72, "num_statements": 74, "percent_covered": 97.29729729729729, "percent_covered_display": "97.30", "missing_lines": 2, "excluded_lines": 0}, "missing_lines": [62, 63], "excluded_lines": []}}, "classes": {"AuthType": {"executed_lines": [], "summary": {"covered_lines": 0, "num_statements": 0, "percent_covered": 100.0, "percent_covered_display": "100.00", "missing_lines": 0, "excluded_lines": 0}, "missing_lines": [], "excluded_lines": []}, "RetryConfig": {"executed_lines": [101, 102, 103, 116, 117, 120, 121, 124, 125, 127, 131, 132, 136, 137, 141, 142, 146, 147, 151, 152], "summary": {"covered_lines": 20, "num_statements": 20, "percent_covered": 100.0, "percent_covered_display": "100.00", "missing_lines": 0, "excluded_lines": 0}, "missing_lines": [], "excluded_lines": []}, "HTTPClientError": {"executed_lines": [], "summary": {"covered_lines": 0, "num_statements": 0, "percent_covered": 100.0, "percent_covered_display": "100.00", "missing_lines": 0, "excluded_lines": 0}, "missing_lines": [], "excluded_lines": []}, "HTTPConnectionError": {"executed_lines": [], "summary": {"covered_lines": 0, "num_statements": 0, "percent_covered": 100.0, "percent_covered_display": "100.00", "missing_lines": 0, "excluded_lines": 0}, "missing_lines": [], "excluded_lines": []}, "HTTPRequestError": {"executed_lines": [], "summary": {"covered_lines": 0, "num_statements": 0, "percent_covered": 100.0, "percent_covered_display": "100.00", "missing_lines": 0, "excluded_lines": 0}, "missing_lines": [], "excluded_lines": []}, "HTTPAuthError": {"executed_lines": [], "summary": {"covered_lines": 0, "num_statements": 0, "percent_covered": 100.0, "percent_covered_display": "100.00", "missing_lines": 0, "excluded_lines": 0}, "missing_lines": [], "excluded_lines": []}, "HTTPClientSettings": {"executed_lines": [], "summary": {"covered_lines": 0, "num_statements": 0, "percent_covered": 100.0, "percent_covered_display": "100.00", "missing_lines": 0, "excluded_lines": 0}, "missing_lines": [], "excluded_lines": []}, "HTTPClient": {"executed_lines": [204, 205, 206, 207, 208, 209, 210, 211, 215, 216, 241, 242, 243, 244, 257, 258, 259, 272, 273, 274, 286, 287, 288, 301, 302, 303, 327, 328, 329, 335, 336, 337, 338, 368, 369, 371, 373, 381, 382, 383, 384, 414, 415, 417, 419, 427, 428, 429, 430, 460, 461, 463, 465, 473, 474, 475, 476, 500, 501, 502, 508, 509, 510, 511, 535, 536, 568, 569, 704, 706, 707, 708, 709, 710, 711, 712, 713, 714, 716, 717, 720, 722, 723, 727, 746, 748, 749, 750, 751, 767, 768, 770, 772, 773, 775, 776, 788, 789, 790, 791, 792, 794], "summary": {"covered_lines": 102, "num_statements": 115, "percent_covered": 88.69565217391305, "percent_covered_display": "88.70", "missing_lines": 13, "excluded_lines": 0}, "missing_lines": [217, 218, 372, 418, 464, 609, 610, 650, 651, 685, 686, 729, 774], "excluded_lines": []}, "HTTPClientFactory": {"executed_lines": [857, 862], "summary": {"covered_lines": 2, "num_statements": 2, "percent_covered": 100.0, "percent_covered_display": "100.00", "missing_lines": 0, "excluded_lines": 0}, "missing_lines": [], "excluded_lines": []}, "": {"executed_lines": [1, 48, 49, 50, 51, 52, 54, 55, 57, 60, 61, 65, 67, 68, 69, 72, 73, 75, 76, 77, 78, 81, 82, 83, 85, 86, 87, 88, 89, 91, 105, 129, 134, 139, 144, 149, 155, 156, 158, 161, 162, 164, 167, 168, 170, 173, 174, 176, 179, 180, 181, 183, 184, 185, 186, 189, 190, 197, 213, 220, 246, 261, 276, 290, 305, 340, 386, 432, 478, 513, 540, 581, 622, 663, 690, 733, 753, 778, 799, 800, 830, 831], "summary": {"covered_lines": 72, "num_statements": 74, "percent_covered": 97.29729729729729, "percent_covered_display": "97.30", "missing_lines": 2, "excluded_lines": 0}, "missing_lines": [62, 63], "excluded_lines": []}}}, "axiompy/io/serialization.py": {"executed_lines": [1, 32, 33, 34, 35, 37, 39, 41, 43, 46, 47, 49, 50, 51, 52, 55, 56, 62, 63, 79, 80, 86, 87, 103, 104, 106, 109, 110, 112, 119, 121, 134, 136, 138, 139, 140, 143, 144, 146, 153, 155, 168, 169, 170, 171, 174, 175, 177, 190, 191, 193, 194, 195, 198, 199, 201, 214, 215, 217, 218, 219, 222, 223, 226, 227, 229, 233, 234, 244, 245, 247, 248, 262, 263, 264, 268, 269, 271, 272, 287, 288, 291, 292, 294, 300, 301, 316, 317, 319, 320, 332, 333, 335, 336, 348, 349, 351, 352, 371, 372, 373, 377, 378, 380, 381, 398, 399], "summary": {"covered_lines": 96, "num_statements": 98, "percent_covered": 97.95918367346938, "percent_covered_display": "97.96", "missing_lines": 2, "excluded_lines": 0}, "missing_lines": [76, 100], "excluded_lines": [], "functions": {"Serializer.serialize": {"executed_lines": [], "summary": {"covered_lines": 0, "num_statements": 1, "percent_covered": 0.0, "percent_covered_display": "0.00", "missing_lines": 1, "excluded_lines": 0}, "missing_lines": [76], "excluded_lines": []}, "Deserializer.deserialize": {"executed_lines": [], "summary": {"covered_lines": 0, "num_statements": 1, "percent_covered": 0.0, "percent_covered_display": "0.00", "missing_lines": 1, "excluded_lines": 0}, "missing_lines": [100], "excluded_lines": []}, "JSONSerializer.__init__": {"executed_lines": [119], "summary": {"covered_lines": 1, "num_statements": 1, "percent_covered": 100.0, "percent_covered_display": "100.00", "missing_lines": 0, "excluded_lines": 0}, "missing_lines": [], "excluded_lines": []}, "JSONSerializer.serialize": {"executed_lines": [134, 136, 138, 139, 140], "summary": {"covered_lines": 5, "num_statements": 5, "percent_covered": 100.0, "percent_covered_display": "100.00", "missing_lines": 0, "excluded_lines": 0}, "missing_lines": [], "excluded_lines": []}, "JSONDeserializer.__init__": {"executed_lines": [153], "summary": {"covered_lines": 1, "num_statements": 1, "percent_covered": 100.0, "percent_covered_display": "100.00", "missing_lines": 0, "excluded_lines": 0}, "missing_lines": [], "excluded_lines": []}, "JSONDeserializer.deserialize": {"executed_lines": [168, 169, 170, 171], "summary": {"covered_lines": 4, "num_statements": 4, "percent_covered": 100.0, "percent_covered_display": "100.00", "missing_lines": 0, "excluded_lines": 0}, "missing_lines": [], "excluded_lines": []}, "XMLDeserializer.deserialize": {"executed_lines": [190, 191, 193, 194, 195], "summary": {"covered_lines": 5, "num_statements": 5, "percent_covered": 100.0, "percent_covered_display": "100.00", "missing_lines": 0, "excluded_lines": 0}, "missing_lines": [], "excluded_lines": []}, "YAMLDeserializer.deserialize": {"executed_lines": [214, 215, 217, 218, 219, 222, 223], "summary": {"covered_lines": 7, "num_statements": 7, "percent_covered": 100.0, "percent_covered_display": "100.00", "missing_lines": 0, "excluded_lines": 0}, "missing_lines": [], "excluded_lines": []}, "SerializerFactory.create_json": {"executed_lines": [244, 245], "summary": {"covered_lines": 2, "num_statements": 2, "percent_covered": 100.0, "percent_covered_display": "100.00", "missing_lines": 0, "excluded_lines": 0}, "missing_lines": [], "excluded_lines": []}, "SerializerFactory.create": {"executed_lines": [262, 263, 264, 268, 269], "summary": {"covered_lines": 5, "num_statements": 5, "percent_covered": 100.0, "percent_covered_display": "100.00", "missing_lines": 0, "excluded_lines": 0}, "missing_lines": [], "excluded_lines": []}, "SerializerFactory.register": {"executed_lines": [287, 288], "summary": {"covered_lines": 2, "num_statements": 2, "percent_covered": 100.0, "percent_covered_display": "100.00", "missing_lines": 0, "excluded_lines": 0}, "missing_lines": [], "excluded_lines": []}, "DeserializerFactory.create_json": {"executed_lines": [316, 317], "summary": {"covered_lines": 2, "num_statements": 2, "percent_covered": 100.0, "percent_covered_display": "100.00", "missing_lines": 0, "excluded_lines": 0}, "missing_lines": [], "excluded_lines": []}, "DeserializerFactory.create_xml": {"executed_lines": [332, 333], "summary": {"covered_lines": 2, "num_statements": 2, "percent_covered": 100.0, "percent_covered_display": "100.00", "missing_lines": 0, "excluded_lines": 0}, "missing_lines": [], "excluded_lines": []}, "DeserializerFactory.create_yaml": {"executed_lines": [348, 349], "summary": {"covered_lines": 2, "num_statements": 2, "percent_covered": 100.0, "percent_covered_display": "100.00", "missing_lines": 0, "excluded_lines": 0}, "missing_lines": [], "excluded_lines": []}, "DeserializerFactory.create": {"executed_lines": [371, 372, 373, 377, 378], "summary": {"covered_lines": 5, "num_statements": 5, "percent_covered": 100.0, "percent_covered_display": "100.00", "missing_lines": 0, "excluded_lines": 0}, "missing_lines": [], "excluded_lines": []}, "DeserializerFactory.register": {"executed_lines": [398, 399], "summary": {"covered_lines": 2, "num_statements": 2, "percent_covered": 100.0, "percent_covered_display": "100.00", "missing_lines": 0, "excluded_lines": 0}, "missing_lines": [], "excluded_lines": []}, "": {"executed_lines": [1, 32, 33, 34, 35, 37, 39, 41, 43, 46, 47, 49, 50, 51, 52, 55, 56, 62, 63, 79, 80, 86, 87, 103, 104, 106, 109, 110, 112, 121, 143, 144, 146, 155, 174, 175, 177, 198, 199, 201, 226, 227, 229, 233, 234, 247, 248, 271, 272, 291, 292, 294, 300, 301, 319, 320, 335, 336, 351, 352, 380, 381], "summary": {"covered_lines": 51, "num_statements": 51, "percent_covered": 100.0, "percent_covered_display": "100.00", "missing_lines": 0, "excluded_lines": 0}, "missing_lines": [], "excluded_lines": []}}, "classes": {"SerializationFormat": {"executed_lines": [], "summary": {"covered_lines": 0, "num_statements": 0, "percent_covered": 100.0, "percent_covered_display": "100.00", "missing_lines": 0, "excluded_lines": 0}, "missing_lines": [], "excluded_lines": []}, "Serializer": {"executed_lines": [], "summary": {"covered_lines": 0, "num_statements": 1, "percent_covered": 0.0, "percent_covered_display": "0.00", "missing_lines": 1, "excluded_lines": 0}, "missing_lines": [76], "excluded_lines": []}, "Deserializer": {"executed_lines": [], "summary": {"covered_lines": 0, "num_statements": 1, "percent_covered": 0.0, "percent_covered_display": "0.00", "missing_lines": 1, "excluded_lines": 0}, "missing_lines": [100], "excluded_lines": []}, "SerializationError": {"executed_lines": [], "summary": {"covered_lines": 0, "num_statements": 0, "percent_covered": 100.0, "percent_covered_display": "100.00", "missing_lines": 0, "excluded_lines": 0}, "missing_lines": [], "excluded_lines": []}, "JSONSerializer": {"executed_lines": [119, 134, 136, 138, 139, 140], "summary": {"covered_lines": 6, "num_statements": 6, "percent_covered": 100.0, "percent_covered_display": "100.00", "missing_lines": 0, "excluded_lines": 0}, "missing_lines": [], "excluded_lines": []}, "JSONDeserializer": {"executed_lines": [153, 168, 169, 170, 171], "summary": {"covered_lines": 5, "num_statements": 5, "percent_covered": 100.0, "percent_covered_display": "100.00", "missing_lines": 0, "excluded_lines": 0}, "missing_lines": [], "excluded_lines": []}, "XMLDeserializer": {"executed_lines": [190, 191, 193, 194, 195], "summary": {"covered_lines": 5, "num_statements": 5, "percent_covered": 100.0, "percent_covered_display": "100.00", "missing_lines": 0, "excluded_lines": 0}, "missing_lines": [], "excluded_lines": []}, "YAMLDeserializer": {"executed_lines": [214, 215, 217, 218, 219, 222, 223], "summary": {"covered_lines": 7, "num_statements": 7, "percent_covered": 100.0, "percent_covered_display": "100.00", "missing_lines": 0, "excluded_lines": 0}, "missing_lines": [], "excluded_lines": []}, "SerializerFactory": {"executed_lines": [244, 245, 262, 263, 264, 268, 269, 287, 288], "summary": {"covered_lines": 9, "num_statements": 9, "percent_covered": 100.0, "percent_covered_display": "100.00", "missing_lines": 0, "excluded_lines": 0}, "missing_lines": [], "excluded_lines": []}, "DeserializerFactory": {"executed_lines": [316, 317, 332, 333, 348, 349, 371, 372, 373, 377, 378, 398, 399], "summary": {"covered_lines": 13, "num_statements": 13, "percent_covered": 100.0, "percent_covered_display": "100.00", "missing_lines": 0, "excluded_lines": 0}, "missing_lines": [], "excluded_lines": []}, "": {"executed_lines": [1, 32, 33, 34, 35, 37, 39, 41, 43, 46, 47, 49, 50, 51, 52, 55, 56, 62, 63, 79, 80, 86, 87, 103, 104, 106, 109, 110, 112, 121, 143, 144, 146, 155, 174, 175, 177, 198, 199, 201, 226, 227, 229, 233, 234, 247, 248, 271, 272, 291, 292, 294, 300, 301, 319, 320, 335, 336, 351, 352, 380, 381], "summary": {"covered_lines": 51, "num_statements": 51, "percent_covered": 100.0, "percent_covered_display": "100.00", "missing_lines": 0, "excluded_lines": 0}, "missing_lines": [], "excluded_lines": []}}}}, "totals": {"covered_lines": 292, "num_statements": 309, "percent_covered": 94.49838187702265, "percent_covered_display": "94.50", "missing_lines": 17, "excluded_lines": 0}}
